<?xml version="1.0" encoding="UTF-8"?>
<testng-results skipped="0" failed="0" total="1" passed="1">
  <reporter-output>
  </reporter-output>
  <suite name="Default suite" duration-ms="16994" started-at="2017-08-19T10:05:50Z" finished-at="2017-08-19T10:06:07Z">
    <groups>
    </groups>
    <test name="Default test" duration-ms="16994" started-at="2017-08-19T10:05:50Z" finished-at="2017-08-19T10:06:07Z">
      <class name="testCases.VerifyHomePage">
        <test-method status="PASS" signature="setUp()[pri:0, instance:testCases.VerifyHomePage@47544942]" name="setUp" is-config="true" duration-ms="15649" started-at="2017-08-19T15:35:50Z" finished-at="2017-08-19T15:36:06Z">
          <reporter-output>
          </reporter-output>
        </test-method> <!-- setUp -->
        <test-method status="PASS" signature="testHomePage()[pri:0, instance:testCases.VerifyHomePage@47544942]" name="testHomePage" duration-ms="127" started-at="2017-08-19T15:36:06Z" finished-at="2017-08-19T15:36:06Z">
          <reporter-output>
          </reporter-output>
        </test-method> <!-- testHomePage -->
        <test-method status="PASS" signature="tearDown()[pri:0, instance:testCases.VerifyHomePage@47544942]" name="tearDown" is-config="true" duration-ms="1200" started-at="2017-08-19T15:36:06Z" finished-at="2017-08-19T15:36:07Z">
          <reporter-output>
          </reporter-output>
        </test-method> <!-- tearDown -->
      </class> <!-- testCases.VerifyHomePage -->
    </test> <!-- Default test -->
  </suite> <!-- Default suite -->
</testng-results>
